2024-10-11 11:31:53,449 INFO o.a.j.u.JMeterUtils: Setting Locale to en_EN
2024-10-11 11:31:53,475 INFO o.a.j.JMeter: Loading user properties from: user.properties
2024-10-11 11:31:53,476 INFO o.a.j.JMeter: Loading system properties from: system.properties
2024-10-11 11:31:53,486 INFO o.a.j.JMeter: Copyright (c) 1998-2024 The Apache Software Foundation
2024-10-11 11:31:53,486 INFO o.a.j.JMeter: Version 5.6.3
2024-10-11 11:31:53,486 INFO o.a.j.JMeter: java.version=1.8.0_412-412
2024-10-11 11:31:53,486 INFO o.a.j.JMeter: java.vm.name=OpenJDK 64-Bit Server VM
2024-10-11 11:31:53,486 INFO o.a.j.JMeter: os.name=Windows 11
2024-10-11 11:31:53,486 INFO o.a.j.JMeter: os.arch=amd64
2024-10-11 11:31:53,486 INFO o.a.j.JMeter: os.version=10.0
2024-10-11 11:31:53,486 INFO o.a.j.JMeter: file.encoding=Cp1252
2024-10-11 11:31:53,486 INFO o.a.j.JMeter: java.awt.headless=null
2024-10-11 11:31:53,486 INFO o.a.j.JMeter: Max memory     =1073741824
2024-10-11 11:31:53,486 INFO o.a.j.JMeter: Available Processors =4
2024-10-11 11:31:53,493 INFO o.a.j.JMeter: Default Locale=English (EN)
2024-10-11 11:31:53,494 INFO o.a.j.JMeter: JMeter  Locale=English (EN)
2024-10-11 11:31:53,494 INFO o.a.j.JMeter: JMeterHome=C:\jmeter-runner\apache-jmeter-5.6.3
2024-10-11 11:31:53,494 INFO o.a.j.JMeter: user.dir  =C:\jmeter-runner\apache-jmeter-5.6.3\bin
2024-10-11 11:31:53,494 INFO o.a.j.JMeter: PWD       =C:\jmeter-runner\apache-jmeter-5.6.3\bin
2024-10-11 11:31:53,510 INFO o.a.j.JMeter: IP: 192.168.31.57 Name: macha FullName: macha.lan
2024-10-11 11:31:53,543 INFO o.a.j.JMeter: Loaded icon properties from org/apache/jmeter/images/icon.properties
2024-10-11 11:31:53,859 INFO o.a.j.JMeterGuiLauncher: Setting LAF to: com.github.weisj.darklaf.DarkLaf:com.github.weisj.darklaf.theme.DarculaTheme
2024-10-11 11:36:38,522 INFO o.a.j.s.FileServer: Default base='C:\jmeter-runner\apache-jmeter-5.6.3\bin'
2024-10-11 11:36:38,527 INFO o.a.j.g.a.Load: Loading file: C:\jmeter-runner\apache-jmeter-5.6.3\Scripts\GenerateTestData.jmx
2024-10-11 11:36:38,527 INFO o.a.j.s.FileServer: Set new base='C:\jmeter-runner\apache-jmeter-5.6.3\Scripts'
2024-10-11 11:36:38,699 INFO o.a.j.s.SaveService: Testplan (JMX) version: 2.2. Testlog (JTL) version: 2.2
2024-10-11 11:36:38,724 INFO o.a.j.s.SaveService: Using SaveService properties file encoding UTF-8
2024-10-11 11:36:38,724 INFO o.a.j.s.SaveService: Using SaveService properties version 5.0
2024-10-11 11:36:38,727 INFO o.a.j.s.SaveService: Loading file: C:\jmeter-runner\apache-jmeter-5.6.3\Scripts\GenerateTestData.jmx
2024-10-11 11:36:39,242 INFO o.a.j.s.FileServer: Set new base='C:\jmeter-runner\apache-jmeter-5.6.3\Scripts'
2024-10-11 11:56:51,884 INFO o.a.j.e.StandardJMeterEngine: Running the test!
2024-10-11 11:56:51,885 INFO o.a.j.s.SampleEvent: List of sample_variables: []
2024-10-11 11:56:51,885 INFO o.a.j.s.SampleEvent: List of sample_variables: []
2024-10-11 11:56:51,885 INFO o.a.j.e.u.CompoundVariable: Note: Function class names must contain the string: '.functions.'
2024-10-11 11:56:51,885 INFO o.a.j.e.u.CompoundVariable: Note: Function class names must not contain the string: '.gui.'
2024-10-11 11:56:52,224 INFO o.a.j.g.u.JMeterMenuBar: setRunning(true, *local*)
2024-10-11 11:56:52,547 INFO o.a.j.e.StandardJMeterEngine: Starting ThreadGroup: 1 : Thread Group
2024-10-11 11:56:52,547 INFO o.a.j.e.StandardJMeterEngine: Starting 1 threads for group Thread Group.
2024-10-11 11:56:52,547 INFO o.a.j.e.StandardJMeterEngine: Thread will continue on error
2024-10-11 11:56:52,547 INFO o.a.j.t.ThreadGroup: Starting thread group... number=1 threads=1 ramp-up=1 delayedStart=false
2024-10-11 11:56:52,557 INFO o.a.j.t.ThreadGroup: Started thread group number 1
2024-10-11 11:56:52,557 INFO o.a.j.e.StandardJMeterEngine: All thread groups have been started
2024-10-11 11:56:52,557 INFO o.a.j.t.JMeterThread: Thread started: Thread Group 1-1
2024-10-11 11:56:52,557 INFO o.a.j.s.SampleResult: Note: Sample TimeStamps are START times
2024-10-11 11:56:52,557 INFO o.a.j.s.SampleResult: sampleresult.default.encoding is set to UTF-8
2024-10-11 11:56:52,557 INFO o.a.j.s.SampleResult: sampleresult.useNanoTime=true
2024-10-11 11:56:52,557 INFO o.a.j.s.SampleResult: sampleresult.nanoThreadSleep=5000
2024-10-11 11:56:53,679 INFO o.a.j.t.JMeterThread: Thread is done: Thread Group 1-1
2024-10-11 11:56:53,679 INFO o.a.j.t.JMeterThread: Thread finished: Thread Group 1-1
2024-10-11 11:56:53,679 INFO o.a.j.e.StandardJMeterEngine: Notifying test listeners of end of test
2024-10-11 11:56:53,679 INFO o.a.j.g.u.JMeterMenuBar: setRunning(false, *local*)
